<?xml version="1.0" encoding="UTF-8"?>
<testng-results ignored="0" total="1" passed="1" failed="0" skipped="0">
  <reporter-output>
  </reporter-output>
  <suite started-at="2023-02-25T18:32:52 IST" name="Default suite" finished-at="2023-02-25T18:33:54 IST" duration-ms="61750">
    <groups>
    </groups>
    <test started-at="2023-02-25T18:32:52 IST" name="Default test" finished-at="2023-02-25T18:33:54 IST" duration-ms="61750">
      <class name="needsmth.Appium.MiscellenousAppiumActions">
        <test-method is-config="true" signature="ConfigureAppium()[pri:0, instance:needsmth.Appium.MiscellenousAppiumActions@795cd85e]" started-at="2023-02-25T18:32:52 IST" name="ConfigureAppium" finished-at="2023-02-25T18:33:22 IST" duration-ms="30311" status="PASS">
          <reporter-output>
          </reporter-output>
        </test-method> <!-- ConfigureAppium -->
        <test-method signature="Miscellenous()[pri:0, instance:needsmth.Appium.MiscellenousAppiumActions@795cd85e]" started-at="2023-02-25T18:33:22 IST" name="Miscellenous" finished-at="2023-02-25T18:33:47 IST" duration-ms="24986" status="PASS">
          <reporter-output>
          </reporter-output>
        </test-method> <!-- Miscellenous -->
        <test-method is-config="true" signature="tearDown()[pri:0, instance:needsmth.Appium.MiscellenousAppiumActions@795cd85e]" started-at="2023-02-25T18:33:47 IST" name="tearDown" finished-at="2023-02-25T18:33:54 IST" duration-ms="6401" status="PASS">
          <reporter-output>
          </reporter-output>
        </test-method> <!-- tearDown -->
      </class> <!-- needsmth.Appium.MiscellenousAppiumActions -->
    </test> <!-- Default test -->
  </suite> <!-- Default suite -->
</testng-results>
