<?xml version="1.0" encoding="UTF-8"?>
<testng-results ignored="0" total="1" passed="1" failed="0" skipped="0">
  <reporter-output>
  </reporter-output>
  <suite started-at="2023-02-26T23:08:07 IST" name="Default suite" finished-at="2023-02-26T23:08:41 IST" duration-ms="33944">
    <groups>
    </groups>
    <test started-at="2023-02-26T23:08:07 IST" name="Default test" finished-at="2023-02-26T23:08:41 IST" duration-ms="33944">
      <class name="needsmth.Appium.eCommerce_tc_1">
        <test-method is-config="true" signature="ConfigureAppium()[pri:0, instance:needsmth.Appium.eCommerce_tc_1@795cd85e]" started-at="2023-02-26T23:08:07 IST" name="ConfigureAppium" finished-at="2023-02-26T23:08:24 IST" duration-ms="16154" status="PASS">
          <reporter-output>
          </reporter-output>
        </test-method> <!-- ConfigureAppium -->
        <test-method signature="FillForm()[pri:0, instance:needsmth.Appium.eCommerce_tc_1@795cd85e]" started-at="2023-02-26T23:08:24 IST" name="FillForm" finished-at="2023-02-26T23:08:40 IST" duration-ms="16258" status="PASS">
          <reporter-output>
          </reporter-output>
        </test-method> <!-- FillForm -->
        <test-method is-config="true" signature="tearDown()[pri:0, instance:needsmth.Appium.eCommerce_tc_1@795cd85e]" started-at="2023-02-26T23:08:40 IST" name="tearDown" finished-at="2023-02-26T23:08:41 IST" duration-ms="1482" status="PASS">
          <reporter-output>
          </reporter-output>
        </test-method> <!-- tearDown -->
      </class> <!-- needsmth.Appium.eCommerce_tc_1 -->
    </test> <!-- Default test -->
  </suite> <!-- Default suite -->
</testng-results>
